0 info it worked if it ends with ok
1 verbose cli [ 'C:\\Program Files\\nodejs\\node.exe',
1 verbose cli   'C:\\Users\\hp\\AppData\\Roaming\\npm\\node_modules\\npm\\bin\\npm-cli.js',
1 verbose cli   'start' ]
2 info using npm@3.10.5
3 info using node@v6.2.1
4 verbose run-script [ 'prestart', 'start', 'poststart' ]
5 info lifecycle node-gopher@0.1.0~prestart: node-gopher@0.1.0
6 silly lifecycle node-gopher@0.1.0~prestart: no script for prestart, continuing
7 info lifecycle node-gopher@0.1.0~start: node-gopher@0.1.0
8 verbose lifecycle node-gopher@0.1.0~start: unsafe-perm in lifecycle true
9 verbose lifecycle node-gopher@0.1.0~start: PATH: C:\Users\hp\AppData\Roaming\npm\node_modules\npm\bin\node-gyp-bin;c:\Users\hp\Documents\Programming\node-gopher\node_modules\.bin;C:\Program Files\nodejs;C:\Program Files\Haskell\bin;C:\Program Files\Haskell Platform\8.0.1\lib\extralibs\bin;C:\Program Files\Haskell Platform\8.0.1\bin;C:\Python34\;C:\Panda3D-1.9.0\;C:\Panda3D-1.9.0\bin\;C:\ProgramData\Oracle\Java\javapath;C:\MinGWx86_64\mingw64\bin\;C:\Nim\bin\;C:\RubyDevkit\;C:\Ruby22-x64\bin;C:\Program Files\Rust stable 1.2\bin;C:\Users\hp\AppData\Roaming\npm\;C:\Program Files (x86)\Microsoft Visual Studio 12.0\VC\bin\;C:\Program Files (x86)\Windows Kits\8.1\Debuggers\x64;C:\Program Files\cmder;C:\Windows\system32;C:\Windows;C:\Windows\System32\Wbem;C:\Windows\System32\WindowsPowerShell\v1.0\;C:\Program Files (x86)\GNU\GnuPG\pub;C:\Program Files\Microsoft SQL Server\110\Tools\Binn\;C:\Program Files\PuTTY;C:\gtk3\bin;C:\GNU;C:\Program Files (x86)\qemu;C:\Program Files\Microsoft SQL Server\120\Tools\Binn\;C:\Program Files (x86)\Rust\bin\;C:\Program Files\MATLAB\R2014a\runtime\win64;C:\Program Files\MATLAB\R2014a\bin;C:\Program Files\MATLAB\R2014a\polyspace\bin;C:\lua\;C:\Program Files (x86)\Heroku\bin;C:\Program Files (x86)\git\cmd;C:\xampp\php;C:\ProgramData\ComposerSetup\bin;C:\HaxeToolkit\haxe\;C:\HaxeToolkit\neko\;C:\extpath\;C:\Program Files (x86)\QuickTime\QTSystem\;C:\HashiCorp\Vagrant\bin;C:\Program Files (x86)\GtkSharp\2.12\bin;C:\Program Files\qemu\;C:\HaxeToolkit\haxe\;C:\HaxeToolkit\neko;C:\D\dmd2\windows\bin;C:\Anaconda2;C:\Anaconda2\Scripts;C:\Anaconda2\Library\bin;C:\Program Files\Calibre2\;C:\Program Files (x86)\Skype\Phone\;C:\Panda3D-1.9.0\python\;C:\WINDOWS\system32;C:\WINDOWS;C:\WINDOWS\System32\Wbem;C:\WINDOWS\System32\WindowsPowerShell\v1.0\;C:\Program Files (x86)\Microsoft SDKs\TypeScript\1.0\;C:\Users\hp\.dnx\bin;C:\Program Files\Microsoft DNX\Dnvm\;C:\Program Files\Microsoft SQL Server\130\Tools\;C:\Program Files\nodejs\;C:\Program Files\Haskell Platform\8.0.1\mingw\bin;C:\Go\bin;C:\gtkw;C:\gtkw\bin;C:\Program Files\Rust stable GNU 1.10\bin;C:\Program Files\Microsoft SQL Server\130\Tools\Binn\;C:\Program Files\Git\cmd;C:\Users\hp\AppData\Roaming\cabal\bin;C:\Users\hp\AppData\Roaming\local\bin;C:\Program Files (x86)\Microsoft Visual Studio\Common\Tools\WinNT;C:\Program Files (x86)\Microsoft Visual Studio\Common\MSDev98\Bin;C:\Program Files (x86)\Microsoft Visual Studio\Common\Tools;C:\Program Files (x86)\Microsoft Visual Studio\VC98\bin;C:\MASM\BIN\;C:\Program Files (x86)\clisp-2.49;C:\Program Files (x86)\MiKTeX\miktex\bin\;C:\Program Files (x86)\Gle4\bin;C:\Nim\dist\mingw;C:\Nim\dist\mingw\bin;C:\Nim\bin;C:\Nim\dist\babel;C:\Program Files (x86)\Microsoft VS Code\bin;C:\Users\hp\AppData\Roaming\npm
10 verbose lifecycle node-gopher@0.1.0~start: CWD: c:\Users\hp\Documents\Programming\node-gopher
11 silly lifecycle node-gopher@0.1.0~start: Args: [ '/d /s /c', 'node index.js' ]
12 silly lifecycle node-gopher@0.1.0~start: Returned: code: 1  signal: null
13 info lifecycle node-gopher@0.1.0~start: Failed to exec start script
14 verbose stack Error: node-gopher@0.1.0 start: `node index.js`
14 verbose stack Exit status 1
14 verbose stack     at EventEmitter.<anonymous> (C:\Users\hp\AppData\Roaming\npm\node_modules\npm\lib\utils\lifecycle.js:242:16)
14 verbose stack     at emitTwo (events.js:106:13)
14 verbose stack     at EventEmitter.emit (events.js:191:7)
14 verbose stack     at ChildProcess.<anonymous> (C:\Users\hp\AppData\Roaming\npm\node_modules\npm\lib\utils\spawn.js:40:14)
14 verbose stack     at emitTwo (events.js:106:13)
14 verbose stack     at ChildProcess.emit (events.js:191:7)
14 verbose stack     at maybeClose (internal/child_process.js:852:16)
14 verbose stack     at Process.ChildProcess._handle.onexit (internal/child_process.js:215:5)
15 verbose pkgid node-gopher@0.1.0
16 verbose cwd c:\Users\hp\Documents\Programming\node-gopher
17 error Windows_NT 10.0.10586
18 error argv "C:\\Program Files\\nodejs\\node.exe" "C:\\Users\\hp\\AppData\\Roaming\\npm\\node_modules\\npm\\bin\\npm-cli.js" "start"
19 error node v6.2.1
20 error npm  v3.10.5
21 error code ELIFECYCLE
22 error node-gopher@0.1.0 start: `node index.js`
22 error Exit status 1
23 error Failed at the node-gopher@0.1.0 start script 'node index.js'.
23 error Make sure you have the latest version of node.js and npm installed.
23 error If you do, this is most likely a problem with the node-gopher package,
23 error not with npm itself.
23 error Tell the author that this fails on your system:
23 error     node index.js
23 error You can get information on how to open an issue for this project with:
23 error     npm bugs node-gopher
23 error Or if that isn't available, you can get their info via:
23 error     npm owner ls node-gopher
23 error There is likely additional logging output above.
24 verbose exit [ 1, true ]
